A Silent Refraction - Test Execution Summary
===========================================
Started at: Sat May 31 08:20:24 PM CDT 2025


Unit Tests:
  Duration: 24s
  Result: PASSED

Component Tests:
  Duration: 26s
  Result: FAILED

Test execution halted: Component tests failed

Final Summary:
===========================================
Unit Tests:      PASSED
Component Tests: FAILED
Subsystem Tests: SKIPPED (previous tests failed)

Total Duration: 50s
Completed at: Sat May 31 08:21:14 PM CDT 2025

Overall Result: TEST SUITE INCOMPLETE
