A Silent Refraction - Test Execution Summary
===========================================
Started at: Sat May 31 05:10:26 PM CDT 2025


Unit Tests:
  Duration: 25s
  Result: PASSED

Component Tests:
  Duration: 17s
  Result: PASSED

Subsystem Tests:
  Duration: 38s
  Result: FAILED

Final Summary:
===========================================
Unit Tests:      PASSED
Component Tests: PASSED
Subsystem Tests: FAILED

Total Duration: 80s
Completed at: Sat May 31 05:11:46 PM CDT 2025

Overall Result: TEST SUITE INCOMPLETE
