A Silent Refraction - Test Execution Summary
===========================================
Started at: Sat May 31 04:15:28 PM CDT 2025


Unit Tests:
  Duration: 25s
  Result: PASSED

Component Tests:
  Duration: 21s
  Result: PASSED

Subsystem Tests:
  Duration: 38s
  Result: FAILED

Final Summary:
===========================================
Unit Tests:      PASSED
Component Tests: PASSED
Subsystem Tests: FAILED

Total Duration: 84s
Completed at: Sat May 31 04:16:52 PM CDT 2025

Overall Result: TEST SUITE INCOMPLETE
