A Silent Refraction - Test Execution Summary
===========================================
Started at: Sat May 31 05:39:05 PM CDT 2025


Unit Tests:
  Duration: 24s
  Result: FAILED

Test execution halted: Unit tests failed

Final Summary:
===========================================
Unit Tests:      FAILED
Component Tests: SKIPPED (unit tests failed)
Subsystem Tests: SKIPPED (previous tests failed)

Total Duration: 24s
Completed at: Sat May 31 05:39:29 PM CDT 2025

Overall Result: TEST SUITE INCOMPLETE
