A Silent Refraction - Test Execution Summary
===========================================
Started at: Sat May 31 06:36:00 PM CDT 2025


Unit Tests:
  Duration: 23s
  Result: PASSED

Component Tests:
  Duration: 17s
  Result: PASSED

Subsystem Tests:
  Duration: 38s
  Result: FAILED

Final Summary:
===========================================
Unit Tests:      PASSED
Component Tests: PASSED
Subsystem Tests: FAILED

Total Duration: 78s
Completed at: Sat May 31 06:37:18 PM CDT 2025

Overall Result: TEST SUITE INCOMPLETE
